2025-06-26 22:22:27.771 | INFO     | __main__:sync_files:98 - Starting sync process
2025-06-26 22:22:27.790 | INFO     | __main__:get_remote_files:36 - Fetching file list from https://us.manage.security.cisco.com/api/platform/scc-gateway/request/swc/v2/download-status?per_tenant=true
2025-06-26 22:23:43.763 | INFO     | __main__:sync_files:98 - Starting sync process
2025-06-26 22:23:43.780 | INFO     | __main__:get_remote_files:36 - Fetching file list from https://us.manage.security.cisco.com/api/platform/scc-gateway/request/swc/v2/download-status?per_tenant=true
2025-06-26 22:26:27.105 | INFO     | __main__:sync_files:106 - Found 7 remote files
2025-06-26 22:27:11.278 | INFO     | __main__:sync_files:98 - Starting sync process
2025-06-26 22:27:11.287 | INFO     | __main__:get_remote_files:36 - Fetching file list from https://us.manage.security.cisco.com/api/platform/scc-gateway/request/swc/v2/download-status?per_tenant=true
2025-06-26 22:27:12.477 | INFO     | __main__:sync_files:106 - Found 7 remote files
2025-06-26 22:30:01.016 | INFO     | __main__:sync_files:114 - Need to download 7 files
2025-06-26 22:31:24.147 | INFO     | __main__:sync_files:98 - Starting sync process
2025-06-26 22:31:24.156 | INFO     | __main__:get_remote_files:36 - Fetching file list from https://us.manage.security.cisco.com/api/platform/scc-gateway/request/swc/v2/download-status?per_tenant=true
2025-06-26 22:31:25.334 | INFO     | __main__:sync_files:106 - Found 7 remote files
2025-06-26 22:31:54.919 | INFO     | __main__:sync_files:114 - Need to download 7 files
2025-06-26 22:32:29.083 | INFO     | __main__:sync_files:98 - Starting sync process
2025-06-26 22:32:29.089 | INFO     | __main__:get_remote_files:36 - Fetching file list from https://us.manage.security.cisco.com/api/platform/scc-gateway/request/swc/v2/download-status?per_tenant=true
2025-06-26 22:32:30.859 | INFO     | __main__:sync_files:106 - Found 7 remote files
2025-06-26 22:32:35.847 | INFO     | __main__:sync_files:114 - Need to download 7 files
2025-06-26 22:32:39.124 | INFO     | __main__:download_file:72 - Starting download of Daily_Security_events_043cba44.csv.gz
2025-06-26 22:32:48.569 | SUCCESS  | __main__:download_file:89 - Successfully downloaded Daily_Security_events_043cba44.csv.gz
2025-06-26 22:32:52.909 | INFO     | __main__:download_file:72 - Starting download of Daily_Security_events_b19af44e.csv.gz
2025-06-26 22:33:02.800 | SUCCESS  | __main__:download_file:89 - Successfully downloaded Daily_Security_events_b19af44e.csv.gz
2025-06-26 22:33:02.801 | INFO     | __main__:download_file:72 - Starting download of Daily_Security_events_c14334ca.csv.gz
2025-06-26 22:33:03.313 | SUCCESS  | __main__:download_file:89 - Successfully downloaded Daily_Security_events_c14334ca.csv.gz
2025-06-26 22:33:03.315 | INFO     | __main__:download_file:72 - Starting download of Daily_Security_events_ae9cec86.csv.gz
2025-06-26 22:33:03.415 | SUCCESS  | __main__:download_file:89 - Successfully downloaded Daily_Security_events_ae9cec86.csv.gz
2025-06-26 22:33:03.416 | INFO     | __main__:download_file:72 - Starting download of Daily_Security_events_de310704.csv.gz
2025-06-26 22:33:03.528 | SUCCESS  | __main__:download_file:89 - Successfully downloaded Daily_Security_events_de310704.csv.gz
2025-06-26 22:33:03.529 | INFO     | __main__:download_file:72 - Starting download of Daily_Security_events_fc1fdd9e.csv.gz
2025-06-26 22:33:03.630 | SUCCESS  | __main__:download_file:89 - Successfully downloaded Daily_Security_events_fc1fdd9e.csv.gz
2025-06-26 22:33:03.631 | INFO     | __main__:download_file:72 - Starting download of Daily_Security_events_c2636644.csv.gz
2025-06-26 22:33:03.733 | SUCCESS  | __main__:download_file:89 - Successfully downloaded Daily_Security_events_c2636644.csv.gz
2025-06-26 22:33:27.303 | INFO     | __main__:sync_files:98 - Starting sync process
2025-06-26 22:33:27.309 | INFO     | __main__:get_remote_files:36 - Fetching file list from https://us.manage.security.cisco.com/api/platform/scc-gateway/request/swc/v2/download-status?per_tenant=true
2025-06-26 22:33:28.386 | INFO     | __main__:sync_files:106 - Found 7 remote files
2025-06-26 22:33:28.387 | INFO     | __main__:sync_files:114 - Need to download 0 files
